<?xml version="1.0" encoding="UTF-8"?>
<!-- Generated by org.testng.reporters.JUnitReportReporter -->
<testsuite hostname="DESKTOP-8QRD8C9" failures="0" tests="2" name="TestScript.QALegendLoginTest" time="45.497" errors="0" timestamp="2024-12-11T19:33:28 IST" skipped="0">
  <testcase classname="TestScript.QALegendLoginTest" name="loginuserlogin" time="27.089"/>
  <testcase classname="TestScript.QALegendLoginTest" name="urlValidation" time="18.408"/>
</testsuite> <!-- TestScript.QALegendLoginTest -->
