<?xml version="1.0" encoding="UTF-8"?>
<!-- Generated by org.testng.reporters.JUnitReportReporter -->
<testsuite hostname="DESKTOP-8QRD8C9" failures="0" tests="1" name="TestScript.QALegendTicketsTest" time="38.030" errors="0" timestamp="2024-12-28T10:51:52 IST" skipped="0">
  <testcase classname="TestScript.QALegendTicketsTest" name="createTicket" time="38.030"/>
</testsuite> <!-- TestScript.QALegendTicketsTest -->
