<?xml version="1.0" encoding="UTF-8"?>
<!-- Generated by org.testng.reporters.JUnitReportReporter -->
<testsuite hostname="DESKTOP-8QRD8C9" failures="0" tests="2" name="TestScript.QALegendInvoicesTest" time="69.318" errors="0" timestamp="2024-12-31T23:03:47 IST" skipped="0">
  <testcase classname="TestScript.QALegendInvoicesTest" name="eyeButtonFunctionality" time="40.456"/>
  <testcase classname="TestScript.QALegendInvoicesTest" name="validatingInvoiceAmount" time="28.862"/>
</testsuite> <!-- TestScript.QALegendInvoicesTest -->
