<?xml version="1.0" encoding="UTF-8"?>
<!-- Generated by org.testng.reporters.JUnitReportReporter -->
<testsuite hostname="DESKTOP-8QRD8C9" failures="0" tests="2" name="TestScript.QALegendLoginTest" time="43.804" errors="0" timestamp="2024-12-11T14:37:20 IST" skipped="0">
  <testcase classname="TestScript.QALegendLoginTest" name="urlValidation" time="24.769"/>
  <testcase classname="TestScript.QALegendLoginTest" name="loginuserlogin" time="19.035"/>
</testsuite> <!-- TestScript.QALegendLoginTest -->
