<?xml version="1.0" encoding="UTF-8"?>
<!-- Generated by org.testng.reporters.JUnitReportReporter -->
<testsuite hostname="DESKTOP-8QRD8C9" failures="0" tests="1" name="TestScript.QALegendSignupTest" time="29.935" errors="0" timestamp="2024-12-11T14:37:20 IST" skipped="0">
  <testcase classname="TestScript.QALegendSignupTest" name="signup" time="29.935"/>
</testsuite> <!-- TestScript.QALegendSignupTest -->
