<?xml version="1.0" encoding="UTF-8"?>
<!-- Generated by org.testng.reporters.JUnitReportReporter -->
<testsuite hostname="DESKTOP-8QRD8C9" failures="0" tests="2" name="TestScript.QALegendInvoicesTest" time="69.950" errors="0" timestamp="2025-01-01T22:24:29 IST" skipped="0">
  <testcase classname="TestScript.QALegendInvoicesTest" name="eyeButtonFunctionality" time="40.702"/>
  <testcase classname="TestScript.QALegendInvoicesTest" name="validatingInvoiceAmount" time="29.248"/>
</testsuite> <!-- TestScript.QALegendInvoicesTest -->
