<?xml version="1.0" encoding="UTF-8"?>
<!-- Generated by org.testng.reporters.JUnitReportReporter -->
<testsuite hostname="DESKTOP-8QRD8C9" failures="0" tests="2" name="TestScript.QALegendHomePageTest" time="76.481" errors="0" timestamp="2024-12-13T12:41:11 IST" skipped="0">
  <testcase classname="TestScript.QALegendHomePageTest" name="editDashboard" time="41.987"/>
  <testcase classname="TestScript.QALegendHomePageTest" name="createnewDashboard" time="34.494"/>
</testsuite> <!-- TestScript.QALegendHomePageTest -->
