<?xml version="1.0" encoding="UTF-8"?>
<!-- Generated by org.testng.reporters.JUnitReportReporter -->
<testsuite hostname="DESKTOP-8QRD8C9" failures="0" tests="1" name="TestScript.QALegendLoginTest" time="27.421" errors="0" timestamp="2024-12-30T18:29:26 IST" skipped="0">
  <testcase classname="TestScript.QALegendLoginTest" name="loginuserlogin" time="27.421"/>
</testsuite> <!-- TestScript.QALegendLoginTest -->
