<?xml version="1.0" encoding="UTF-8"?>
<!-- Generated by org.testng.reporters.JUnitReportReporter -->
<testsuite hostname="DESKTOP-8QRD8C9" failures="0" tests="1" name="TestScript.QALegendSignupTest" time="22.800" errors="0" timestamp="2024-12-11T19:33:28 IST" skipped="0">
  <testcase classname="TestScript.QALegendSignupTest" name="signup" time="22.800"/>
</testsuite> <!-- TestScript.QALegendSignupTest -->
