<?xml version="1.0" encoding="UTF-8"?>
<!-- Generated by org.testng.reporters.JUnitReportReporter -->
<testsuite hostname="DESKTOP-8QRD8C9" failures="0" tests="2" name="TestScript.QALegendSignupTest" time="55.927" errors="0" timestamp="2024-12-20T18:04:18 IST" skipped="0">
  <testcase classname="TestScript.QALegendSignupTest" name="signedupUserSignin" time="26.394"/>
  <testcase classname="TestScript.QALegendSignupTest" name="registeringUser" time="29.533"/>
</testsuite> <!-- TestScript.QALegendSignupTest -->
