<?xml version="1.0" encoding="UTF-8"?>
<!-- Generated by org.testng.reporters.JUnitReportReporter -->
<testsuite hostname="DESKTOP-8QRD8C9" failures="0" tests="1" name="TestScript.QALegendMessagesTest" time="37.025" errors="0" timestamp="2024-12-27T21:13:25 IST" skipped="0">
  <testcase classname="TestScript.QALegendMessagesTest" name="composingAMessage" time="37.025"/>
</testsuite> <!-- TestScript.QALegendMessagesTest -->
