<?xml version="1.0" encoding="UTF-8"?>
<!-- Generated by org.testng.reporters.JUnitReportReporter -->
<testsuite hostname="DESKTOP-8QRD8C9" failures="0" tests="2" name="TestScript.QALegendInvoicesTest" time="69.507" errors="0" timestamp="2024-12-30T18:29:26 IST" skipped="0">
  <testcase classname="TestScript.QALegendInvoicesTest" name="eyeButtonFunctionality" time="40.553"/>
  <testcase classname="TestScript.QALegendInvoicesTest" name="validatingInvoiceAmount" time="28.954"/>
</testsuite> <!-- TestScript.QALegendInvoicesTest -->
