<?xml version="1.0" encoding="UTF-8"?>
<!-- Generated by org.testng.reporters.JUnitReportReporter -->
<testsuite hostname="DESKTOP-8QRD8C9" failures="0" tests="2" name="TestScript.QALegendHomePageTest" time="71.839" errors="0" timestamp="2024-12-11T13:19:09 IST" skipped="0">
  <testcase classname="TestScript.QALegendHomePageTest" name="createnewDashboard" time="33.674"/>
  <testcase classname="TestScript.QALegendHomePageTest" name="editDashboard" time="38.165"/>
</testsuite> <!-- TestScript.QALegendHomePageTest -->
