<?xml version="1.0" encoding="UTF-8"?>
<!-- Generated by org.testng.reporters.JUnitReportReporter -->
<testsuite hostname="DESKTOP-8QRD8C9" failures="0" tests="1" name="TestScript.QALegendEventTest" time="33.891" errors="0" timestamp="2024-12-20T18:04:18 IST" skipped="0">
  <testcase classname="TestScript.QALegendEventTest" name="addanEvent" time="33.891"/>
</testsuite> <!-- TestScript.QALegendEventTest -->
