<?xml version="1.0" encoding="UTF-8"?>
<!-- Generated by org.testng.reporters.JUnitReportReporter -->
<testsuite hostname="DESKTOP-8QRD8C9" failures="0" tests="2" name="TestScript.QALegendInvoicesTest" time="70.034" errors="0" timestamp="2024-12-13T12:41:11 IST" skipped="0">
  <testcase classname="TestScript.QALegendInvoicesTest" name="eyeButtonFunctionality" time="41.366"/>
  <testcase classname="TestScript.QALegendInvoicesTest" name="validatingInvoiceAmount" time="28.668"/>
</testsuite> <!-- TestScript.QALegendInvoicesTest -->
