<?xml version="1.0" encoding="UTF-8"?>
<!-- Generated by org.testng.reporters.JUnitReportReporter -->
<testsuite hostname="DESKTOP-8QRD8C9" failures="0" tests="2" name="TestScript.QALegendSignupTest" time="53.023" errors="0" timestamp="2024-12-30T18:29:26 IST" skipped="0">
  <testcase classname="TestScript.QALegendSignupTest" name="registeringUser" time="26.469"/>
  <testcase classname="TestScript.QALegendSignupTest" name="signedupUserSignin" time="26.554"/>
</testsuite> <!-- TestScript.QALegendSignupTest -->
