<?xml version="1.0" encoding="UTF-8"?>
<!-- Generated by org.testng.reporters.JUnitReportReporter -->
<testsuite hostname="DESKTOP-8QRD8C9" failures="0" tests="1" name="TestScript.QALegendMessagesTest" time="34.677" errors="0" timestamp="2024-12-28T12:12:44 IST" skipped="0">
  <testcase classname="TestScript.QALegendMessagesTest" name="composingAMessage" time="34.677"/>
</testsuite> <!-- TestScript.QALegendMessagesTest -->
