<?xml version="1.0" encoding="UTF-8"?>
<!-- Generated by org.testng.reporters.JUnitReportReporter -->
<testsuite hostname="DESKTOP-8QRD8C9" failures="0" tests="2" name="TestScript.QALegendHomePageTest" time="75.425" errors="0" timestamp="2024-12-28T13:46:56 IST" skipped="0">
  <testcase classname="TestScript.QALegendHomePageTest" name="createnewDashboard" time="32.695"/>
  <testcase classname="TestScript.QALegendHomePageTest" name="editDashboard" time="42.730"/>
</testsuite> <!-- TestScript.QALegendHomePageTest -->
