<?xml version="1.0" encoding="UTF-8"?>
<!-- Generated by org.testng.reporters.JUnitReportReporter -->
<testsuite hostname="DESKTOP-8QRD8C9" failures="0" tests="2" name="TestScript.QALegendHomePageTest" time="76.374" errors="0" timestamp="2024-12-20T18:05:59 IST" skipped="0">
  <testcase classname="TestScript.QALegendHomePageTest" name="createnewDashboard" time="33.244"/>
  <testcase classname="TestScript.QALegendHomePageTest" name="editDashboard" time="43.130"/>
</testsuite> <!-- TestScript.QALegendHomePageTest -->
