<?xml version="1.0" encoding="UTF-8"?>
<!-- Generated by org.testng.reporters.JUnitReportReporter -->
<testsuite hostname="DESKTOP-8QRD8C9" failures="0" tests="2" name="TestScript.QALegendHomePageTest" time="74.377" errors="0" timestamp="2024-12-11T19:33:28 IST" skipped="0">
  <testcase classname="TestScript.QALegendHomePageTest" name="editDashboard" time="43.284"/>
  <testcase classname="TestScript.QALegendHomePageTest" name="createnewDashboard" time="31.093"/>
</testsuite> <!-- TestScript.QALegendHomePageTest -->
