<?xml version="1.0" encoding="UTF-8"?>
<!-- Generated by org.testng.reporters.JUnitReportReporter -->
<testsuite hostname="DESKTOP-8QRD8C9" failures="0" tests="2" name="TestScript.QALegendHomePageTest" time="90.661" errors="0" timestamp="2024-12-12T13:10:56 IST" skipped="0">
  <testcase classname="TestScript.QALegendHomePageTest" name="createnewDashboard" time="37.341"/>
  <testcase classname="TestScript.QALegendHomePageTest" name="editDashboard" time="53.320"/>
</testsuite> <!-- TestScript.QALegendHomePageTest -->
