<?xml version="1.0" encoding="UTF-8"?>
<!-- Generated by org.testng.reporters.JUnitReportReporter -->
<testsuite hostname="DESKTOP-8QRD8C9" failures="0" tests="1" name="TestScript.QALegendEventTest" time="36.359" errors="0" timestamp="2024-12-10T12:48:50 IST" skipped="0">
  <testcase classname="TestScript.QALegendEventTest" name="addanEvent" time="36.359"/>
</testsuite> <!-- TestScript.QALegendEventTest -->
