<?xml version="1.0" encoding="UTF-8"?>
<!-- Generated by org.testng.reporters.JUnitReportReporter -->
<testsuite hostname="DESKTOP-8QRD8C9" failures="0" tests="2" name="TestScript.QALegendHomePageTest" time="67.435" errors="0" timestamp="2024-12-11T14:37:20 IST" skipped="0">
  <testcase classname="TestScript.QALegendHomePageTest" name="createnewDashboard" time="34.753"/>
  <testcase classname="TestScript.QALegendHomePageTest" name="editDashboard" time="32.682"/>
</testsuite> <!-- TestScript.QALegendHomePageTest -->
