<?xml version="1.0" encoding="UTF-8"?>
<!-- Generated by org.testng.reporters.JUnitReportReporter -->
<testsuite hostname="DESKTOP-8QRD8C9" failures="0" tests="2" name="TestScript.QALegendHomePageTest" time="76.803" errors="0" timestamp="2025-01-01T22:24:29 IST" skipped="0">
  <testcase classname="TestScript.QALegendHomePageTest" name="createnewDashboard" time="33.734"/>
  <testcase classname="TestScript.QALegendHomePageTest" name="editDashboard" time="43.069"/>
</testsuite> <!-- TestScript.QALegendHomePageTest -->
