<?xml version="1.0" encoding="UTF-8"?>
<!-- Generated by org.testng.reporters.JUnitReportReporter -->
<testsuite hostname="DESKTOP-8QRD8C9" failures="0" tests="3" name="TestScript.QALegendHomePageTest" time="140.276" errors="0" timestamp="2024-12-30T18:29:26 IST" skipped="1">
  <testcase classname="TestScript.QALegendHomePageTest" name="createnewDashboard" time="32.937"/>
  <testcase classname="TestScript.QALegendHomePageTest" name="createnewDashboard" time="72.456">
    <skipped/>
  </testcase> <!-- createnewDashboard -->
  <testcase classname="TestScript.QALegendHomePageTest" name="editDashboard" time="34.883"/>
</testsuite> <!-- TestScript.QALegendHomePageTest -->
