<?xml version="1.0" encoding="UTF-8"?>
<!-- Generated by org.testng.reporters.JUnitReportReporter -->
<testsuite hostname="DESKTOP-8QRD8C9" failures="0" tests="2" name="TestScript.QALegendSignupTest" time="57.523" errors="0" timestamp="2024-12-28T11:55:13 IST" skipped="0">
  <testcase classname="TestScript.QALegendSignupTest" name="registeringUser" time="30.012"/>
  <testcase classname="TestScript.QALegendSignupTest" name="signedupUserSignin" time="27.511"/>
</testsuite> <!-- TestScript.QALegendSignupTest -->
