<?xml version="1.0" encoding="UTF-8"?>
<!-- Generated by org.testng.reporters.JUnitReportReporter -->
<testsuite hostname="DESKTOP-8QRD8C9" failures="0" tests="1" name="TestScript.QALegendSignupTest" time="23.451" errors="0" timestamp="2024-12-10T12:48:50 IST" skipped="0">
  <testcase classname="TestScript.QALegendSignupTest" name="signup" time="23.451"/>
</testsuite> <!-- TestScript.QALegendSignupTest -->
