<?xml version="1.0" encoding="UTF-8"?>
<!-- Generated by org.testng.reporters.JUnitReportReporter -->
<testsuite hostname="DESKTOP-8QRD8C9" failures="0" tests="2" name="TestScript.QALegendSignupTest" time="64.257" errors="0" timestamp="2024-12-12T13:10:56 IST" skipped="0">
  <testcase classname="TestScript.QALegendSignupTest" name="registeringUser" time="29.150"/>
  <testcase classname="TestScript.QALegendSignupTest" name="signedupUserSignin" time="35.107"/>
</testsuite> <!-- TestScript.QALegendSignupTest -->
