<?xml version="1.0" encoding="UTF-8"?>
<!-- Generated by org.testng.reporters.JUnitReportReporter -->
<testsuite hostname="DESKTOP-8QRD8C9" failures="0" tests="1" name="TestScript.QALegendLoginTest" time="26.677" errors="0" timestamp="2024-12-13T12:41:11 IST" skipped="0">
  <testcase classname="TestScript.QALegendLoginTest" name="loginuserlogin" time="26.677"/>
</testsuite> <!-- TestScript.QALegendLoginTest -->
