<?xml version="1.0" encoding="UTF-8"?>
<!-- Generated by org.testng.reporters.JUnitReportReporter -->
<testsuite hostname="DESKTOP-8QRD8C9" failures="0" tests="1" name="TestScript.QALegendEstimatesTest" time="28.260" errors="0" timestamp="2024-12-11T19:33:28 IST" skipped="0">
  <testcase classname="TestScript.QALegendEstimatesTest" name="createEstimate" time="28.260"/>
</testsuite> <!-- TestScript.QALegendEstimatesTest -->
