<?xml version="1.0" encoding="UTF-8"?>
<!-- Generated by org.testng.reporters.JUnitReportReporter -->
<testsuite hostname="DESKTOP-8QRD8C9" failures="0" tests="1" name="TestScript.QALegendEventTest" time="33.979" errors="0" timestamp="2024-12-28T13:08:46 IST" skipped="0">
  <testcase classname="TestScript.QALegendEventTest" name="addanEvent" time="33.979"/>
</testsuite> <!-- TestScript.QALegendEventTest -->
