<?xml version="1.0" encoding="UTF-8"?>
<!-- Generated by org.testng.reporters.JUnitReportReporter -->
<testsuite hostname="DESKTOP-8QRD8C9" failures="0" tests="2" name="TestScript.QALegendSignupTest" time="58.231" errors="0" timestamp="2024-12-31T23:03:47 IST" skipped="0">
  <testcase classname="TestScript.QALegendSignupTest" name="registeringUser" time="31.246"/>
  <testcase classname="TestScript.QALegendSignupTest" name="signedupUserSignin" time="26.985"/>
</testsuite> <!-- TestScript.QALegendSignupTest -->
