<?xml version="1.0" encoding="UTF-8"?>
<!-- Generated by org.testng.reporters.JUnitReportReporter -->
<testsuite hostname="DESKTOP-8QRD8C9" failures="0" tests="2" name="TestScript.QALegendLoginTest" time="53.405" errors="0" timestamp="2024-12-11T13:19:09 IST" skipped="0">
  <testcase classname="TestScript.QALegendLoginTest" name="urlValidation" time="25.511"/>
  <testcase classname="TestScript.QALegendLoginTest" name="loginuserlogin" time="27.894"/>
</testsuite> <!-- TestScript.QALegendLoginTest -->
