<?xml version="1.0" encoding="UTF-8"?>
<!-- Generated by org.testng.reporters.JUnitReportReporter -->
<testsuite hostname="DESKTOP-8QRD8C9" failures="0" tests="2" name="TestScript.QALegendInvoicesTest" time="69.384" errors="0" timestamp="2024-12-28T13:46:56 IST" skipped="0">
  <testcase classname="TestScript.QALegendInvoicesTest" name="validatingInvoiceAmount" time="28.212"/>
  <testcase classname="TestScript.QALegendInvoicesTest" name="eyeButtonFunctionality" time="41.172"/>
</testsuite> <!-- TestScript.QALegendInvoicesTest -->
