<?xml version="1.0" encoding="UTF-8"?>
<!-- Generated by org.testng.reporters.JUnitReportReporter -->
<testsuite hostname="DESKTOP-8QRD8C9" failures="0" tests="1" name="TestScript.QALegendTicketsTest" time="37.512" errors="0" timestamp="2024-12-13T12:41:11 IST" skipped="0">
  <testcase classname="TestScript.QALegendTicketsTest" name="createTicket" time="37.512"/>
</testsuite> <!-- TestScript.QALegendTicketsTest -->
