<?xml version="1.0" encoding="UTF-8"?>
<!-- Generated by org.testng.reporters.JUnitReportReporter -->
<testsuite hostname="DESKTOP-8QRD8C9" failures="0" tests="1" name="TestScript.QALegendMessagesTest" time="35.761" errors="0" timestamp="2024-12-28T13:08:46 IST" skipped="0">
  <testcase classname="TestScript.QALegendMessagesTest" name="composingAMessage" time="35.761"/>
</testsuite> <!-- TestScript.QALegendMessagesTest -->
