<?xml version="1.0" encoding="UTF-8"?>
<!-- Generated by org.testng.reporters.JUnitReportReporter -->
<testsuite hostname="DESKTOP-8QRD8C9" failures="0" tests="2" name="TestScript.QALegendSignupTest" time="62.041" errors="0" timestamp="2024-12-27T21:13:25 IST" skipped="0">
  <testcase classname="TestScript.QALegendSignupTest" name="signedupUserSignin" time="28.981"/>
  <testcase classname="TestScript.QALegendSignupTest" name="registeringUser" time="33.060"/>
</testsuite> <!-- TestScript.QALegendSignupTest -->
