<?xml version="1.0" encoding="UTF-8"?>
<!-- Generated by org.testng.reporters.JUnitReportReporter -->
<testsuite hostname="DESKTOP-8QRD8C9" failures="0" tests="1" name="TestScript.QALegendEventTest" time="33.605" errors="0" timestamp="2025-01-01T22:55:13 IST" skipped="0">
  <testcase classname="TestScript.QALegendEventTest" name="addanEvent" time="33.605"/>
</testsuite> <!-- TestScript.QALegendEventTest -->
