<?xml version="1.0" encoding="UTF-8"?>
<!-- Generated by org.testng.reporters.JUnitReportReporter -->
<testsuite hostname="DESKTOP-8QRD8C9" failures="0" tests="1" name="TestScript.QALegendMessagesTest" time="37.332" errors="0" timestamp="2024-12-28T11:09:26 IST" skipped="0">
  <testcase classname="TestScript.QALegendMessagesTest" name="composingAMessage" time="37.332"/>
</testsuite> <!-- TestScript.QALegendMessagesTest -->
